make all --print-data-base --no-builtin-variables --no-builtin-rules --question
# GNU Make 3.81
# Copyright (C) 2006  Free Software Foundation, Inc.
# This is free software; see the source for copying conditions.
# There is NO warranty; not even for MERCHANTABILITY or FITNESS FOR A
# PARTICULAR PURPOSE.

# This program built for i386-apple-darwin11.3.0
 

# Make data base, printed on Sat Apr 30 16:16:25 2022

# Variables

# automatic
<D = $(patsubst %/,%,$(dir $<))
# automatic
 
?F = $(notdir $?)
# makefile (from `Makefile', line 31)
OBJ = $(addprefix $(OBJ_DIR)/, $(addsuffix .o, $(SRC)))
# makefile (from `Makefile', line 13)
SRC = pushswap ps_sa_sb_ss ps_rra_rrb_rrr ps_ra_rb_rr ps_pa_pb ps_is_sorted ps_exit ps_deter_algo ps_deepcopy ps_checkvalid ps_radix_sort ps_smallsort ps_my_sort ps_ss_rr_rrr
# environment
VSCODE_LOG_NATIVE = false
# automatic
?D = $(patsubst %/,%,$(dir $?))
# automatic
@D = $(patsubst %/,%,$(dir $@))
# automatic
@F = $(notdir $@)
# makefile
CURDIR := /Users/greatng/42Bangkok/42cursus/pushswap
# makefile
SHELL = /bin/sh
# makefile (from `Makefile', line 6)
RM = rm -rf
# environment
VSCODE_NLS_CONFIG = {"locale":"en-us","availableLanguages":{},"_languagePackSupport":true}
# environment
_ = /usr/bin/make
# makefile (from `Makefile', line 5)
CFLAGS = -Wall -Wextra -Werror
# makefile (from `Makefile', line 43)
BLUE = \033[38;5;4m
# makefile (from `Makefile', line 1)
MAKEFILE_LIST :=  Makefile
# makefile (from `Makefile', line 30)
OBJ_DIR = obj
# environment
VSCODE_VERBOSE_LOGGING = true
# makefile (from `Makefile', line 3)
LEAKS = -fsanitize=address
# environment
__CFBundleIdentifier = com.microsoft.VSCode
# environment
INFOPATH = /opt/homebrew/share/info:
# environment
VSCODE_IPC_HOOK_EXTHOST = /var/folders/ld/sh1sblf11kd9n_lxmzlt97lm0000gn/T/vscode-ipc-e962232c-85ef-4cbe-9bba-317342446a3b.sock
# environment
VSCODE_CWD = /
# environment
PATH = /Users/greatng/bin:/opt/homebrew/bin:/opt/homebrew/sbin:/usr/local/sbin:/usr/local/bin:/Users/greatng/Library/Python/3.8/bin:/Applications/VMware Fusion Tech Preview.app/Contents/Public:/usr/local/go/bin:/opt/X11/bin:/usr/bin:/bin:/usr/sbin:/sbin:/Users/greatng/.cache/zsh4humans/v5/fzf/bin
# environment
LSCOLORS = ExGxDxDxCxDxDxFxFxexEx
# environment
LaunchInstanceID = 82940C25-4B19-4690-AA17-810609B62D13
# makefile (from `Makefile', line 36)
GNL_PATH = ./gnl
# environment
VSCODE_LOG_STACK = false
# environment
ELECTRON_RUN_AS_NODE = 1
# environment
TERMINFO = /Users/greatng/.terminfo
# default
.FEATURES := target-specific order-only second-expansion else-if archives jobserver check-symlink
# environment
LS_COLORS = fi=00:mi=00:mh=00:ln=01;36:or=01;31:di=01;34:ow=04;01;34:st=34:tw=04;34:pi=01;33:so=01;33:do=01;33:bd=01;33:cd=01;33:su=01;35:sg=01;35:ca=01;35:ex=01;32
# environment
SSH_AUTH_SOCK = /private/tmp/com.apple.launchd.ErsqjXXQOI/Listeners
# automatic
%F = $(notdir $%)
# environment
DISPLAY = /private/tmp/com.apple.launchd.p6WG1K1aJq/org.xquartz:0
# environment
VSCODE_PIPE_LOGGING = true
# environment
PWD = /Users/greatng/42Bangkok/42cursus/pushswap
# environment
HOMEBREW_CELLAR = /opt/homebrew/Cellar
# environment
ORIGINAL_XDG_CURRENT_DESKTOP = undefined
# makefile (from `Makefile', line 40)
GREEN = \033[38;5;2m
# environment
MANPATH = /opt/homebrew/share/man:/usr/share/man:/usr/local/share/man:/opt/X11/share/man:/Users/greatng/.cache/zsh4humans/v5/fzf/man:
# environment
VSCODE_AMD_ENTRYPOINT = vs/workbench/api/node/extensionHostProcess
# environment
HOME = /Users/greatng
# makefile (from `Makefile', line 23)
BONUSSS = $(addprefix $(BONUS_DIR)/, $(addsuffix .c, $(BONUSS)))
# default
MAKEFILEPATH = $(shell /usr/bin/xcode-select -print-path 2>/dev/null || echo /Developer)/Makefiles
# environment
VSCODE_CODE_CACHE_PATH = /Users/greatng/Library/Application Support/Code/CachedData/dfd34e8260c270da74b5c2d86d61aee4b6d56977
# environment
LOGNAME = greatng
# environment
APPLICATION_INSIGHTS_NO_DIAGNOSTIC_CHANNEL = 1
# makefile (from `Makefile', line 10)
HEADERS = $(addprefix $(HEADER_DIR)/, $(addsuffix .h, $(HEADER)))
# makefile (from `Makefile', line 25)
OBJ_B_DIR = obj_b
# environment
VSCODE_HANDLES_UNCAUGHT_ERRORS = true
# makefile (from `Makefile', line 41)
NORMAL = \033[38;5;255m
# automatic
^D = $(patsubst %/,%,$(dir $^))
# environment
XPC_FLAGS = 0x0
# default
MAKE = $(MAKE_COMMAND)
# default
MAKECMDGOALS := all
# makefile (from `Makefile', line 28)
SRCS = $(addprefix $(SRC_DIR)/, $(addsuffix .c, $(SRC)))
# environment
SHLVL = 1
# makefile (from `Makefile', line 34)
LIBFT = $(LIBFT_PATH)/libft.a
# makefile (from `Makefile', line 4)
CC = gcc
# default
MAKE_VERSION := 3.81
# environment
USER = greatng
# makefile
.DEFAULT_GOAL := all
# makefile (from `Makefile', line 37)
GNL_HEADER = $(GNL_PATH)/get_next_line.h
# makefile (from `Makefile', line 1)
 
NAME = push_swap
# environment
LESS = -iRFXMx4
# automatic
%D = $(patsubst %/,%,$(dir $%))
# default
MAKE_COMMAND := /Library/Developer/CommandLineTools/usr/bin/make
# makefile (from `Makefile', line 8)
HEADER_DIR = include
# default
.VARIABLES := 
# environment
TMPDIR = /var/folders/ld/sh1sblf11kd9n_lxmzlt97lm0000gn/T/
# automatic
*F = $(notdir $*)
# environment
VSCODE_IPC_HOOK = /Users/greatng/Library/Application Support/Code/1.66.2-main.sock
# makefile (from `Makefile', line 42)
RED = \033[38;5;1m
# makefile
MAKEFLAGS = Rrqp
# environment
MFLAGS = -Rrqp
# automatic
*D = $(patsubst %/,%,$(dir $*))
# makefile (from `Makefile', line 2)
BONUS_NAME = checker
# environment
XPC_SERVICE_NAME = application.com.microsoft.VSCode.8567989.8567995
# environment
HOMEBREW_PREFIX = /opt/homebrew
# automatic
+D = $(patsubst %/,%,$(dir $+))
# makefile (from `Makefile', line 26)
OBJ_B = $(addprefix $(OBJ_B_DIR)/, $(addsuffix .o, $(BONUSS)))
# automatic
+F = $(notdir $+)
# environment
HOMEBREW_REPOSITORY = /opt/homebrew
# environment
__CF_USER_TEXT_ENCODING = 0x1F5:0x0:0x0
# environment
COMMAND_MODE = unix2003
# default
MAKEFILES := 
# makefile (from `Makefile', line 38)
GNL = $(GNL_PATH)/get_next_line.c $(GNL_PATH)/get_next_line_utils.c
# makefile (from `Makefile', line 12)
SRC_DIR = src
# automatic
<F = $(notdir $<)
# environment
TREE_COLORS = fi=00:mi=00:mh=00:ln=01;36:or=01;31:di=01;34:ow=01;34:st=34:tw=34:pi=01;33:so=01;33:do=01;33:bd=01;33:cd=01;33:su=01;35:sg=01;35:ca=01;35:ex=01;32
# makefile (from `Makefile', line 20)
BONUSS = checker ch_checkvalid ch_exit ch_instruction ch_is_sorted ch_pa_pb ch_ra_rb_rr ch_rra_rrb_rrr ch_sa_sb_ss
# makefile (from `Makefile', line 33)
LIBFT_PATH = ./libft
# environment
PAGER = less
# environment
LC_ALL = C
# makefile (from `Makefile', line 9)
HEADER = pushswap
# environment
SECURITYSESSIONID = 186a6
# automatic
^F = $(notdir $^)
# default
SUFFIXES := 
# makefile (from `Makefile', line 18)
BONUS_H = include/checker.h
# environment
MAKELEVEL := 0
# makefile (from `Makefile', line 19)
BONUS_DIR = bonus
# environment
GPG_TTY = 
# environment
LANG = C
# environment
TERM = xterm-256color
# environment
VSCODE_PID = 499
# variable set hash-table stats:
# Load=106/1024=10%, Rehash=0, Collisions=9/163=6%

# Pattern-specific Variable Values

# No pattern-specific variable values.

# Directories

# include (device 16777231, inode 7431128): 4 files, no impossibilities so far.
# . (device 16777231, inode 7430802): 13 files, no impossibilities.
# src (device 16777231, inode 8783223): 16 files, no impossibilities so far.

# 33 files, no impossibilities in 3 directories.

# Implicit Rules

obj/%.o: src/%.c include/pushswap.h
#  commands to execute (from `Makefile', line 53):
	@mkdir -p $(OBJ_DIR)
	@echo "$(GREEN)Compiling:$(NORMAL)"
	$(CC) -c $< -o $@ 
	

obj_b/%.o: bonus/%.c include/checker.h
#  commands to execute (from `Makefile', line 58):
	@mkdir -p $(OBJ_B_DIR)
	@echo "$(GREEN)Compiling:$(NORMAL)"
	$(CC) -c $< -o $@ 			
	

# 2 implicit rules, 0 (0.0%) terminal.

# Files

obj/ps_rra_rrb_rrr.o: src/ps_rra_rrb_rrr.c include/pushswap.h
#  Implicit rule search has been done.
#  Implicit/static pattern stem: `ps_rra_rrb_rrr'
#  Last modified 2022-04-30 16:14:36
#  File has been updated.
#  Successfully updated.
# variable set hash-table stats:
# Load=0/32=0%, Rehash=0, Collisions=0/0=0%
#  commands to execute (from `Makefile', line 53):
	@mkdir -p $(OBJ_DIR)
	@echo "$(GREEN)Compiling:$(NORMAL)"
	$(CC) -c $< -o $@ 
	

# Not a target:
src/ps_radix_sort.c:
#  Implicit rule search has been done.
#  Last modified 2022-04-26 20:13:51
#  File has been updated.
#  Successfully updated.
# variable set hash-table stats:
# Load=0/32=0%, Rehash=0, Collisions=0/0=0%

# Not a target:
src/pushswap.c:
#  Implicit rule search has been done.
#  Last modified 2022-04-27 21:24:50
#  File has been updated.
#  Successfully updated.
# variable set hash-table stats:
# Load=0/32=0%, Rehash=0, Collisions=0/0=0%

all: push_swap
#  Phony target (prerequisite of .PHONY).
#  Command-line target.
#  Implicit rule search has not been done.
#  File does not exist.
#  File has been updated.
#  Successfully updated.
# variable set hash-table stats:
# Load=0/32=0%, Rehash=0, Collisions=0/0=0%

# Not a target:
obj_b/ch_checkvalid.o:
#  Implicit rule search has not been done.
#  Modification time never checked.
#  File has not been updated.

# Not a target:
gnl/get_next_line.c:
#  Implicit rule search has not been done.
#  Modification time never checked.
#  File has not been updated.

.PHONY: all clean fclean re bonus
#  Implicit rule search has not been done.
#  Modification time never checked.
#  File has not been updated.

obj/ps_smallsort.o: src/ps_smallsort.c include/pushswap.h
#  Implicit rule search has been done.
#  Implicit/static pattern stem: `ps_smallsort'
#  Last modified 2022-04-30 16:14:36
#  File has been updated.
#  Successfully updated.
# variable set hash-table stats:
# Load=0/32=0%, Rehash=0, Collisions=0/0=0%
#  commands to execute (from `Makefile', line 53):
	@mkdir -p $(OBJ_DIR)
	@echo "$(GREEN)Compiling:$(NORMAL)"
	$(CC) -c $< -o $@ 
	

# Not a target:
src/ps_ra_rb_rr.c:
#  Implicit rule search has been done.
#  Last modified 2022-04-27 01:32:57
#  File has been updated.
#  Successfully updated.
# variable set hash-table stats:
# Load=0/32=0%, Rehash=0, Collisions=0/0=0%

# Not a target:
src/ps_my_sort.c:
#  Implicit rule search has been done.
#  Last modified 2022-04-27 02:15:06
#  File has been updated.
#  Successfully updated.
# variable set hash-table stats:
# Load=0/32=0%, Rehash=0, Collisions=0/0=0%

obj/ps_ss_rr_rrr.o: src/ps_ss_rr_rrr.c include/pushswap.h
#  Implicit rule search has been done.
#  Implicit/static pattern stem: `ps_ss_rr_rrr'
#  Last modified 2022-04-30 16:14:36
#  File has been updated.
#  Successfully updated.
# variable set hash-table stats:
# Load=0/32=0%, Rehash=0, Collisions=0/0=0%
#  commands to execute (from `Makefile', line 53):
	@mkdir -p $(OBJ_DIR)
	@echo "$(GREEN)Compiling:$(NORMAL)"
	$(CC) -c $< -o $@ 
	

# Not a target:
src/ps_is_sorted.c:
#  Implicit rule search has been done.
#  Last modified 2022-04-26 20:19:00
#  File has been updated.
#  Successfully updated.
# variable set hash-table stats:
# Load=0/32=0%, Rehash=0, Collisions=0/0=0%

pig:
#  Implicit rule search has not been done.
#  Modification time never checked.
#  File has not been updated.
#  commands to execute (from `Makefile', line 88):
	@echo "                    *                                             .                       \n\
	\n\
	°oO#@@@@@@@@#*   ..°°°°°°.  *@@@@@@@@@#O*.                         \n\
	O@@@@@@@@@@@@@@@@@  @@@@@@@@@@  @@@@@@@@@@@@@@@@o.                     \n\
	@@@@@@@@@@@@@@@@@@* O@@@@@@@@@@  @@@@@@@@@@@@@@@@@@@                    \n\
	o@@@@@@@@@@@@@@@@o *@@@@@@@@@@@o O@@@@@@@@@@@@@@@@@°                    \n\
	.@@@@@@@@@@@@@@  O@@@@@@@@@@@@@° O@@@@@@@@@@@@@#°                      \n\
	@    .O@@@@@@@@@° .@@@@@@@@@@@@@@@@o  #@@@@@@@@o°  °@@o                   \n\
	O@@*  .*oo*°  °@@@@@@@@@@@@@@@@@@@@*  .°°°.  .o@@@@@@@*  @              \n\
	°@@@@@@@#oo*oO@@@@@@@@@@@@@@@@@@@@@@@@@@#OO##@@@@@@@@@@@@#                \n\
	o@@@@@@@@@@@@@@@@@@@@@@@@@@@@@@@@@@@@@@@@@@@@@@@@@@@@@@@@@@@               \n\
	°@@@@@@@@@@@@@@@@@@@@@@@@@@@@@@@@@@@@@@@@@@@@@@@@@@@@@@@@@@@@@              \n\
	@  @@@@@@@@@@@@@@@@@@@@@@@@@@@@@@@@@@@@@@@@@@@@@@@@@@@@@@@@@@@@@@@  @          \n\
	o@@@@@@@@@@@@@@@@@@@@@@@@@@@@@@@@@@@@@@@@@@@@@@@@@@@@@@@@@@@@@@@o            \n\
	@@@@@@@@@@@@@@@°  #@@@@@@@@@@@@*  o@@@@@@@@@@@@@@@@@@@@@@@@@@@@@@  °         \n\
	@@@@@@@@@@@@@@@@O.°@@@@@@@@@@@@@#°*@@@@@@@@@@@@@@@@@@@@@@@@@@@@@@@*           \n\
	#@@@@@@@@@@@@@@@@@@@#OOOOOOOOOOO##@@@@@@@@@@@@@@@@@@@@@@@@@@@@@@@@@#           \n\
	*@@@@@@@@@@@@@@@@@OOOO##OO###OO##OOOO#@@@@@@@@@@@@@@@@@@@@@@@@@@@@@@@           \n\
	@@@@@@@@@@@@@@@@@@O##O#o  O#O  *#O###O@@@@@@@@@@@@@@@@@@@@@@@@@@@@@@@           \n\
	@@@@@@@@@@@@@@@@@@@#OOOOooO##ooOOOOO#@@@@@@@@@@@@@@@@@@@@@@@@@@@@@@@@           \n\
	@@@@@@@@@#@@@@@@@@@@@@##@##OO#####@@@@@@@@@@@@@@@@@@@@@@@@@@@@@@@@@@°           \n\
 
	°@@@@@@###@@@@@@@@@@@@@@°#@@@@#.o@@@@@@@@@@@@@@@@@@###@@@@@@@@@@@@@@            \n\
	o@@@@@@@@@@@@@@@@@@@@@@o°°°°°°o@@@@@@@@@@@@@@@@@@@@@@@@@@@@@@@@@@@             \n\
	°@@@@@@@@@@@@@@@@@@@@@@@@@@@@@@@@@@@@@@@@@@@@@@@@@@@@@@@@@@@@@@#              \n\
	o@@@@@@@@@@@@@@@@@@@@@@@@@@@@@@@@@@@@@@@@@@@@@@@@@@@@@@@@@@@*  @            \n\
	.O@@@@@@@@@@@@@@@@@@@@@@@@@@@@@@@@@@@@@@@@@@@@@@@@@@@@@@*                 \n\
	.O@@@@@@@@@@@@@@@@@@@@@@@@@@@@@@@@@@@@@@@####@@@@#o                    \n\
	°*#@@@@@@@@@@@@@@@@@@@@@@@@@@@@@#°..      °  .o@#°                \n\
	*  °oO* °@@@@@@@@@@@@@@@@@@@@@@@@@@@. ..  ...    @@@@@@O               \n\
	.  @@@@@° @@@@@@@@@@@@@@@@@@@@@#°...     O@@@@@@  @@@@@@@@              \n\
	@@@@O .@@@@@@@@@@@@@@@@@@@@* *@@@@@@@@@@@@@@@o o@@@@@@@#             \n\
	.°  *@@@@@@@@@@@@@@@@@@@@@* o@@@@@@@@@@@@* #@  @@@@@@@@*            \n\
	@@@@@@@@@@@@@@@@@@@@@@@@@#  .*O#@@@#O*   oo  @@@@@@@@O            \n\
	. .@@@@@@@@@@@@@@@@@@@@@@@@@@@@O*°....    ....  #@@@@@@@#            \n\
	°@@@@@@@@@@@@@@@@@@@@@@@@@@@@@@@@@@@@@@O**°°  #@@@@@@@*            \n\
	.@@@@@@@@@@@@@@@@@@@@@@@@@@@@@@@@@@@@@@@@@@@° #@@@@@@*             \n\
	@@@@@@@@@@@@@@@@@@@@@@@@@@@@@@@@@@@@@@@@@@@  @@##o°               \n\
	O@@@@@@@@@@@@@@@@@@@@@@@@@@@@@@@@@@@@@@@@@o                       \n\
	°  @@@@@@@@@@@@@@@@@@@@@@@@@@@@@@@@@@@@@@@@#                        \n\
	@@@@@@@@@@@@@@@@@@@@@@@@@@@@@@@@@@@@@@@      °                  \n\
	pipex compile completed"
	

# Not a target:
obj_b/ch_ra_rb_rr.o:
#  Implicit rule search has not been done.
#  Modification time never checked.
#  File has not been updated.

# Not a target:
.SUFFIXES:
#  Implicit rule search has not been done.
#  Modification time never checked.
#  File has not been updated.

obj/ps_sa_sb_ss.o: src/ps_sa_sb_ss.c include/pushswap.h
#  Implicit rule search has been done.
#  Implicit/static pattern stem: `ps_sa_sb_ss'
#  Last modified 2022-04-30 16:14:36
#  File has been updated.
#  Successfully updated.
# variable set hash-table stats:
# Load=0/32=0%, Rehash=0, Collisions=0/0=0%
#  commands to execute (from `Makefile', line 53):
	@mkdir -p $(OBJ_DIR)
	@echo "$(GREEN)Compiling:$(NORMAL)"
	$(CC) -c $< -o $@ 
	

obj/pushswap.o: src/pushswap.c include/pushswap.h
#  Implicit rule search has been done.
#  Implicit/static pattern stem: `pushswap'
#  Last modified 2022-04-30 16:14:36
#  File has been updated.
#  Successfully updated.
# variable set hash-table stats:
# Load=0/32=0%, Rehash=0, Collisions=0/0=0%
#  commands to execute (from `Makefile', line 53):
	@mkdir -p $(OBJ_DIR)
	@echo "$(GREEN)Compiling:$(NORMAL)"
	$(CC) -c $< -o $@ 
	

# Not a target:
gnl/get_next_line.h:
#  Implicit rule search has not been done.
#  Modification time never checked.
#  File has not been updated.

# Not a target:
src/ps_rra_rrb_rrr.c:
#  Implicit rule search has been done.
#  Last modified 2022-04-27 01:35:42
#  File has been updated.
#  Successfully updated.
# variable set hash-table stats:
# Load=0/32=0%, Rehash=0, Collisions=0/0=0%

# Not a target:
Makefile:
#  Implicit rule search has been done.
#  Last modified 2022-04-30 16:13:03
#  File has been updated.
#  Successfully updated.
# variable set hash-table stats:
# Load=0/32=0%, Rehash=0, Collisions=0/0=0%

obj/ps_pa_pb.o: src/ps_pa_pb.c include/pushswap.h
#  Implicit rule search has been done.
#  Implicit/static pattern stem: `ps_pa_pb'
#  Last modified 2022-04-30 16:14:36
#  File has been updated.
#  Successfully updated.
# variable set hash-table stats:
# Load=0/32=0%, Rehash=0, Collisions=0/0=0%
#  commands to execute (from `Makefile', line 53):
	@mkdir -p $(OBJ_DIR)
	@echo "$(GREEN)Compiling:$(NORMAL)"
	$(CC) -c $< -o $@ 
	

obj/ps_deepcopy.o: src/ps_deepcopy.c include/pushswap.h
#  Implicit rule search has been done.
#  Implicit/static pattern stem: `ps_deepcopy'
#  Last modified 2022-04-30 16:14:36
#  File has been updated.
#  Successfully updated.
# variable set hash-table stats:
# Load=0/32=0%, Rehash=0, Collisions=0/0=0%
#  commands to execute (from `Makefile', line 53):
	@mkdir -p $(OBJ_DIR)
	@echo "$(GREEN)Compiling:$(NORMAL)"
	$(CC) -c $< -o $@ 
	

obj/ps_exit.o: src/ps_exit.c include/pushswap.h
#  Implicit rule search has been done.
#  Implicit/static pattern stem: `ps_exit'
#  Last modified 2022-04-30 16:14:36
#  File has been updated.
#  Successfully updated.
# variable set hash-table stats:
# Load=0/32=0%, Rehash=0, Collisions=0/0=0%
#  commands to execute (from `Makefile', line 53):
	@mkdir -p $(OBJ_DIR)
	@echo "$(GREEN)Compiling:$(NORMAL)"
	$(CC) -c $< -o $@ 
	

obj/ps_deter_algo.o: src/ps_deter_algo.c include/pushswap.h
#  Implicit rule search has been done.
#  Implicit/static pattern stem: `ps_deter_algo'
#  Last modified 2022-04-30 16:14:36
#  File has been updated.
#  Successfully updated.
# variable set hash-table stats:
# Load=0/32=0%, Rehash=0, Collisions=0/0=0%
#  commands to execute (from `Makefile', line 53):
	@mkdir -p $(OBJ_DIR)
	@echo "$(GREEN)Compiling:$(NORMAL)"
	$(CC) -c $< -o $@ 
	

# Not a target:
src/ps_ss_rr_rrr.c:
#  Implicit rule search has been done.
#  Last modified 2022-04-27 21:31:41
#  File has been updated.
#  Successfully updated.
# variable set hash-table stats:
# Load=0/32=0%, Rehash=0, Collisions=0/0=0%

libft/libft.a:
#  Implicit rule search has not been done.
#  Last modified 2022-04-30 16:14:36
#  File has been updated.
#  Successfully updated.
#  commands to execute (from `Makefile', line 63):
	@make -C $(LIBFT_PATH) all
	

bonus: checker
#  Phony target (prerequisite of .PHONY).
#  Implicit rule search has not been done.
#  File does not exist.
#  File has not been updated.

fclean: clean
#  Phony target (prerequisite of .PHONY).
#  Implicit rule search has not been done.
#  File does not exist.
#  File has not been updated.
#  commands to execute (from `Makefile', line 73):
	@make -C $(LIBFT_PATH) fclean
	@$(RM) -rf $(OBJ) $(OBJ_DIR) $(OBJ_B) $(OBJ_B_DIR)
	@make pig
	

# Not a target:
obj_b/ch_is_sorted.o:
#  Implicit rule search has not been done.
#  Modification time never checked.
#  File has not been updated.

# Not a target:
include/pushswap.h:
#  Implicit rule search has been done.
#  Last modified 2022-04-27 02:01:28
#  File has been updated.
#  Successfully updated.
# variable set hash-table stats:
# Load=0/32=0%, Rehash=0, Collisions=0/0=0%

# Not a target:
src/ps_sa_sb_ss.c:
#  Implicit rule search has been done.
#  Last modified 2022-04-27 01:54:26
#  File has been updated.
#  Successfully updated.
# variable set hash-table stats:
# Load=0/32=0%, Rehash=0, Collisions=0/0=0%

leaks: libft/libft.a obj/pushswap.o obj/ps_sa_sb_ss.o obj/ps_rra_rrb_rrr.o obj/ps_ra_rb_rr.o obj/ps_pa_pb.o obj/ps_is_sorted.o obj/ps_exit.o obj/ps_deter_algo.o obj/ps_deepcopy.o obj/ps_checkvalid.o obj/ps_radix_sort.o obj/ps_smallsort.o obj/ps_my_sort.o obj/ps_ss_rr_rrr.o
#  Implicit rule search has not been done.
#  Modification time never checked.
#  File has not been updated.
#  commands to execute (from `Makefile', line 66):
	@echo "$(GREEN)Compiling:$(NORMAL)"
	$(CC) $(CFLAGS) $(LEAKS) $(LIBFT) $(OBJ) $< -o $(NAME)
	

obj/ps_checkvalid.o: src/ps_checkvalid.c include/pushswap.h
#  Implicit rule search has been done.
#  Implicit/static pattern stem: `ps_checkvalid'
#  Last modified 2022-04-30 16:14:36
#  File has been updated.
#  Successfully updated.
# variable set hash-table stats:
# Load=0/32=0%, Rehash=0, Collisions=0/0=0%
#  commands to execute (from `Makefile', line 53):
	@mkdir -p $(OBJ_DIR)
	@echo "$(GREEN)Compiling:$(NORMAL)"
	$(CC) -c $< -o $@ 
	

# Not a target:
src/ps_pa_pb.c:
#  Implicit rule search has been done.
#  Last modified 2022-04-25 15:22:43
#  File has been updated.
#  Successfully updated.
# variable set hash-table stats:
# Load=0/32=0%, Rehash=0, Collisions=0/0=0%

# Not a target:
src/ps_deepcopy.c:
#  Implicit rule search has been done.
#  Last modified 2022-04-21 18:07:16
#  File has been updated.
#  Successfully updated.
# variable set hash-table stats:
# Load=0/32=0%, Rehash=0, Collisions=0/0=0%

# Not a target:
src/ps_exit.c:
#  Implicit rule search has been done.
#  Last modified 2022-04-27 17:07:20
#  File has been updated.
#  Successfully updated.
 
# variable set hash-table stats:
# Load=0/32=0%, Rehash=0, Collisions=0/0=0%

# Not a target:
obj_b/ch_rra_rrb_rrr.o:
#  Implicit rule search has not been done.
#  Modification time never checked.
#  File has not been updated.

# Not a target:
.DEFAULT:
#  Implicit rule search has not been done.
#  Modification time never checked.
#  File has not been updated.

# Not a target:
src/ps_deter_algo.c:
#  Implicit rule search has been done.
#  Last modified 2022-04-27 17:06:58
#  File has been updated.
#  Successfully updated.
# variable set hash-table stats:
# Load=0/32=0%, Rehash=0, Collisions=0/0=0%

checker: libft/libft.a obj_b/checker.o obj_b/ch_checkvalid.o obj_b/ch_exit.o obj_b/ch_instruction.o obj_b/ch_is_sorted.o obj_b/ch_pa_pb.o obj_b/ch_ra_rb_rr.o obj_b/ch_rra_rrb_rrr.o obj_b/ch_sa_sb_ss.o gnl/get_next_line.c gnl/get_next_line_utils.c gnl/get_next_line.h
#  Implicit rule search has not been done.
#  Modification time never checked.
#  File has not been updated.
#  commands to execute (from `Makefile', line 82):
	@echo "$(GREEN)Compiling Bonus:$(NORMAL)"
	$(CC) $(CFLAGS) $(LIBFT) $(OBJ_B) $(GNL) $< -o $(BONUS_NAME)
	

re: fclean all
#  Phony target (prerequisite of .PHONY).
#  Implicit rule search has not been done.
#  File does not exist.
#  File has not been updated.

# Not a target:
obj_b/ch_instruction.o:
#  Implicit rule search has not been done.
#  Modification time never checked.
#  File has not been updated.

clean:
#  Phony target (prerequisite of .PHONY).
#  Implicit rule search has not been done.
#  File does not exist.
#  File has not been updated.
#  commands to execute (from `Makefile', line 70):
	@make -C $(LIBFT_PATH) clean
	@$(RM) $(NAME) $(BONUS_NAME)
	

obj/ps_ra_rb_rr.o: src/ps_ra_rb_rr.c include/pushswap.h
#  Implicit rule search has been done.
#  Implicit/static pattern stem: `ps_ra_rb_rr'
#  Last modified 2022-04-30 16:14:36
#  File has been updated.
#  Successfully updated.
# variable set hash-table stats:
# Load=0/32=0%, Rehash=0, Collisions=0/0=0%
#  commands to execute (from `Makefile', line 53):
	@mkdir -p $(OBJ_DIR)
	@echo "$(GREEN)Compiling:$(NORMAL)"
	$(CC) -c $< -o $@ 
	

push_swap: libft/libft.a obj/pushswap.o obj/ps_sa_sb_ss.o obj/ps_rra_rrb_rrr.o obj/ps_ra_rb_rr.o obj/ps_pa_pb.o obj/ps_is_sorted.o obj/ps_exit.o obj/ps_deter_algo.o obj/ps_deepcopy.o obj/ps_checkvalid.o obj/ps_radix_sort.o obj/ps_smallsort.o obj/ps_my_sort.o obj/ps_ss_rr_rrr.o
#  Implicit rule search has not been done.
#  Last modified 2022-04-30 16:14:36
#  File has been updated.
#  Successfully updated.
# variable set hash-table stats:
# Load=0/32=0%, Rehash=0, Collisions=0/0=0%
#  commands to execute (from `Makefile', line 49):
	@echo "$(GREEN)Compiling:$(NORMAL)"
	$(CC) $(CFLAGS) $(LIBFT) $(OBJ) $< -o $(NAME)
	

# Not a target:
src/ps_smallsort.c:
#  Implicit rule search has been done.
#  Last modified 2022-04-26 23:30:27
#  File has been updated.
#  Successfully updated.
# variable set hash-table stats:
# Load=0/32=0%, Rehash=0, Collisions=0/0=0%

# Not a target:
gnl/get_next_line_utils.c:
#  Implicit rule search has not been done.
#  Modification time never checked.
#  File has not been updated.

obj/ps_radix_sort.o: src/ps_radix_sort.c include/pushswap.h
#  Implicit rule search has been done.
#  Implicit/static pattern stem: `ps_radix_sort'
#  Last modified 2022-04-30 16:14:36
#  File has been updated.
#  Successfully updated.
# variable set hash-table stats:
# Load=0/32=0%, Rehash=0, Collisions=0/0=0%
#  commands to execute (from `Makefile', line 53):
	@mkdir -p $(OBJ_DIR)
	@echo "$(GREEN)Compiling:$(NORMAL)"
	$(CC) -c $< -o $@ 
	

# Not a target:
src/ps_checkvalid.c:
#  Implicit rule search has been done.
#  Last modified 2022-04-30 16:03:02
#  File has been updated.
#  Successfully updated.
# variable set hash-table stats:
# Load=0/32=0%, Rehash=0, Collisions=0/0=0%

# Not a target:
obj_b/checker.o:
#  Implicit rule search has not been done.
#  Modification time never checked.
#  File has not been updated.

# Not a target:
obj_b/ch_sa_sb_ss.o:
#  Implicit rule search has not been done.
#  Modification time never checked.
#  File has not been updated.

# Not a target:
obj_b/ch_pa_pb.o:
#  Implicit rule search has not been done.
#  Modification time never checked.
#  File has not been updated.

# Not a target:
obj_b/ch_exit.o:
#  Implicit rule search has not been done.
#  Modification time never checked.
#  File has not been updated.

obj/ps_my_sort.o: src/ps_my_sort.c include/pushswap.h
#  Implicit rule search has been done.
#  Implicit/static pattern stem: `ps_my_sort'
#  Last modified 2022-04-30 16:14:36
#  File has been updated.
#  Successfully updated.
# variable set hash-table stats:
# Load=0/32=0%, Rehash=0, Collisions=0/0=0%
#  commands to execute (from `Makefile', line 53):
	@mkdir -p $(OBJ_DIR)
	@echo "$(GREEN)Compiling:$(NORMAL)"
	$(CC) -c $< -o $@ 
	

obj/ps_is_sorted.o: src/ps_is_sorted.c include/pushswap.h
#  Implicit rule search has been done.
#  Implicit/static pattern stem: `ps_is_sorted'
#  Last modified 2022-04-30 16:14:36
#  File has been updated.
#  Successfully updated.
# variable set hash-table stats:
# Load=0/32=0%, Rehash=0, Collisions=0/0=0%
#  commands to execute (from `Makefile', line 53):
	@mkdir -p $(OBJ_DIR)
	@echo "$(GREEN)Compiling:$(NORMAL)"
	$(CC) -c $< -o $@ 
	

# files hash-table stats:
# Load=55/1024=5%, Rehash=0, Collisions=12/191=6%
# VPATH Search Paths

# No `vpath' search paths.

# No general (`VPATH' variable) search path.

# # of strings in strcache: 1
# # of strcache buffers: 1
# strcache size: total = 4096 / max = 4096 / min = 4096 / avg = 4096
# strcache free: total = 4087 / max = 4087 / min = 4087 / avg = 4087

# Finished Make data base on Sat Apr 30 16:16:25 2022

 
